2021-10-04 23:39:50,877 [INFO] Activator:177 - 


2021-10-04 23:39:50,880 [INFO] Activator:178 - !SESSION log4j initialized
2021-10-04 23:40:05,050 [INFO] McuFinderGlobals:39 - Set McuFinder mode to 2 (CubeIDE integrated)
2021-10-04 23:40:05,149 [INFO] ApplicationProperties:181 - Using Application install path: /opt/st/stm32cubeide_1.7.0/plugins/com.st.stm32cube.common.mx_6.3.0.202107141111
2021-10-04 23:40:05,159 [INFO] DbMcusXml:74 - Set database path to: /opt/st/stm32cubeide_1.7.0/plugins/com.st.stm32cube.common.mx_6.3.0.202107141111//db//mcu/
2021-10-04 23:40:05,163 [INFO] DbBoardsPdsc:56 - Set plugin database path to: /opt/st/stm32cubeide_1.7.0/plugins/com.st.stm32cube.common.mx_6.3.0.202107141111//db//plugins/boardmanager/
2021-10-04 23:40:05,163 [INFO] DbMcus:258 - Set plugin images path to: /opt/st/stm32cubeide_1.7.0/plugins/com.st.stm32cube.common.mx_6.3.0.202107141111//db//plugins/mcufinder/images/
2021-10-04 23:40:05,163 [INFO] DbBoards:264 - Set plugin images path to: /opt/st/stm32cubeide_1.7.0/plugins/com.st.stm32cube.common.mx_6.3.0.202107141111//db//plugins/mcufinder/images/
2021-10-04 23:40:05,166 [INFO] DbExamples:333 - Set plugin images path to: /opt/st/stm32cubeide_1.7.0/plugins/com.st.stm32cube.common.mx_6.3.0.202107141111//db//plugins/mcufinder/images/
2021-10-04 23:40:05,169 [INFO] DbMcusAds:119 - Set database path to: /home/rgr/.stmcufinder/plugins/mcufinder//mcu/
2021-10-04 23:40:05,170 [INFO] DbMcusDocs:110 - Set database path to: /home/rgr/.stmcufinder/plugins/mcufinder//mcu/
2021-10-04 23:40:05,172 [INFO] DbMcusJson:64 - Set database path to: /home/rgr/.stmcufinder/plugins/mcufinder//mcu/
2021-10-04 23:40:05,173 [INFO] DbBoardsDocs:110 - Set database path to: /home/rgr/.stmcufinder/plugins/mcufinder//mcu/
2021-10-04 23:40:05,175 [INFO] DbBoardsJson:57 - Set database path to: /home/rgr/.stmcufinder/plugins/mcufinder//mcu/
2021-10-04 23:40:05,260 [INFO] CrossReferenceDbSqlite:196 - Set database path to: /home/rgr/.stmcufinder/plugins/mcufinder//mcu/cs/
2021-10-04 23:40:05,266 [INFO] DbExamplesSqlite:767 - Set database path to: /home/rgr/.stmcufinder/plugins/mcufinder//mcu/
2021-10-04 23:40:05,365 [INFO] RulesReader:57 - Compatibility file has been processed (242 Rules)
2021-10-04 23:40:05,425 [INFO] DbMcusXml:74 - Set database path to: /opt/st/stm32cubeide_1.7.0/plugins/com.st.stm32cube.common.mx_6.3.0.202107141111//db//mcu/
2021-10-04 23:40:05,427 [INFO] DbBoardsPdsc:56 - Set plugin database path to: /opt/st/stm32cubeide_1.7.0/plugins/com.st.stm32cube.common.mx_6.3.0.202107141111//db//plugins/boardmanager/
2021-10-04 23:40:05,427 [INFO] DbMcus:258 - Set plugin images path to: /opt/st/stm32cubeide_1.7.0/plugins/com.st.stm32cube.common.mx_6.3.0.202107141111//db//plugins/mcufinder/images/
2021-10-04 23:40:05,427 [INFO] DbBoards:264 - Set plugin images path to: /opt/st/stm32cubeide_1.7.0/plugins/com.st.stm32cube.common.mx_6.3.0.202107141111//db//plugins/mcufinder/images/
2021-10-04 23:40:05,428 [INFO] DbExamples:333 - Set plugin images path to: /opt/st/stm32cubeide_1.7.0/plugins/com.st.stm32cube.common.mx_6.3.0.202107141111//db//plugins/mcufinder/images/
2021-10-04 23:40:05,428 [WARN] DbFile:35 - Overriding database path with different value: /home/rgr/.stmcufinder/plugins/mcufinder/ => /home/rgr/.stmcufinder/plugins/mcufinder
2021-10-04 23:40:05,428 [INFO] DbMcusAds:119 - Set database path to: /home/rgr/.stmcufinder/plugins/mcufinder//mcu/
2021-10-04 23:40:05,429 [WARN] DbFile:35 - Overriding database path with different value: /home/rgr/.stmcufinder/plugins/mcufinder/ => /home/rgr/.stmcufinder/plugins/mcufinder
2021-10-04 23:40:05,429 [INFO] DbMcusDocs:110 - Set database path to: /home/rgr/.stmcufinder/plugins/mcufinder//mcu/
2021-10-04 23:40:05,429 [WARN] DbFile:35 - Overriding database path with different value: /home/rgr/.stmcufinder/plugins/mcufinder/ => /home/rgr/.stmcufinder/plugins/mcufinder
2021-10-04 23:40:05,430 [INFO] DbMcusJson:64 - Set database path to: /home/rgr/.stmcufinder/plugins/mcufinder//mcu/
2021-10-04 23:40:05,430 [WARN] DbFile:35 - Overriding database path with different value: /home/rgr/.stmcufinder/plugins/mcufinder/ => /home/rgr/.stmcufinder/plugins/mcufinder
2021-10-04 23:40:05,430 [INFO] DbBoardsDocs:110 - Set database path to: /home/rgr/.stmcufinder/plugins/mcufinder//mcu/
2021-10-04 23:40:05,431 [WARN] DbFile:35 - Overriding database path with different value: /home/rgr/.stmcufinder/plugins/mcufinder/ => /home/rgr/.stmcufinder/plugins/mcufinder
2021-10-04 23:40:05,431 [INFO] DbBoardsJson:57 - Set database path to: /home/rgr/.stmcufinder/plugins/mcufinder//mcu/
2021-10-04 23:40:05,431 [WARN] DbFile:35 - Overriding database path with different value: /home/rgr/.stmcufinder/plugins/mcufinder/ => /home/rgr/.stmcufinder/plugins/mcufinder
2021-10-04 23:40:05,431 [WARN] DbFile:35 - Overriding database path with different value: /home/rgr/.stmcufinder/plugins/mcufinder/ => /home/rgr/.stmcufinder/plugins/mcufinder
2021-10-04 23:40:05,432 [INFO] CrossReferenceDbSqlite:196 - Set database path to: /home/rgr/.stmcufinder/plugins/mcufinder//mcu/cs/
2021-10-04 23:40:05,432 [WARN] DbFile:35 - Overriding database path with different value: /home/rgr/.stmcufinder/plugins/mcufinder/ => /home/rgr/.stmcufinder/plugins/mcufinder
2021-10-04 23:40:05,433 [INFO] DbExamplesSqlite:767 - Set database path to: /home/rgr/.stmcufinder/plugins/mcufinder//mcu/
2021-10-04 23:40:05,483 [INFO] MainPanel:214 - HeapMemory: 268435456
2021-10-04 23:40:05,555 [INFO] DbMcusXml:74 - Set database path to: /opt/st/stm32cubeide_1.7.0/plugins/com.st.stm32cube.common.mx_6.3.0.202107141111//db//mcu/
2021-10-04 23:40:05,556 [INFO] DbBoardsPdsc:56 - Set plugin database path to: /opt/st/stm32cubeide_1.7.0/plugins/com.st.stm32cube.common.mx_6.3.0.202107141111//db//plugins/boardmanager/
2021-10-04 23:40:05,556 [INFO] DbMcus:258 - Set plugin images path to: /opt/st/stm32cubeide_1.7.0/plugins/com.st.stm32cube.common.mx_6.3.0.202107141111//db//plugins/mcufinder/images/
2021-10-04 23:40:05,556 [INFO] DbBoards:264 - Set plugin images path to: /opt/st/stm32cubeide_1.7.0/plugins/com.st.stm32cube.common.mx_6.3.0.202107141111//db//plugins/mcufinder/images/
2021-10-04 23:40:05,556 [INFO] DbExamples:333 - Set plugin images path to: /opt/st/stm32cubeide_1.7.0/plugins/com.st.stm32cube.common.mx_6.3.0.202107141111//db//plugins/mcufinder/images/
2021-10-04 23:40:05,557 [WARN] DbFile:35 - Overriding database path with different value: /home/rgr/.stmcufinder/plugins/mcufinder/ => /home/rgr/.stmcufinder/plugins/mcufinder
2021-10-04 23:40:05,557 [INFO] DbMcusAds:119 - Set database path to: /home/rgr/.stmcufinder/plugins/mcufinder//mcu/
2021-10-04 23:40:05,557 [WARN] DbFile:35 - Overriding database path with different value: /home/rgr/.stmcufinder/plugins/mcufinder/ => /home/rgr/.stmcufinder/plugins/mcufinder
2021-10-04 23:40:05,557 [INFO] DbMcusDocs:110 - Set database path to: /home/rgr/.stmcufinder/plugins/mcufinder//mcu/
2021-10-04 23:40:05,557 [WARN] DbFile:35 - Overriding database path with different value: /home/rgr/.stmcufinder/plugins/mcufinder/ => /home/rgr/.stmcufinder/plugins/mcufinder
2021-10-04 23:40:05,557 [INFO] DbMcusJson:64 - Set database path to: /home/rgr/.stmcufinder/plugins/mcufinder//mcu/
2021-10-04 23:40:05,557 [WARN] DbFile:35 - Overriding database path with different value: /home/rgr/.stmcufinder/plugins/mcufinder/ => /home/rgr/.stmcufinder/plugins/mcufinder
2021-10-04 23:40:05,557 [INFO] DbBoardsDocs:110 - Set database path to: /home/rgr/.stmcufinder/plugins/mcufinder//mcu/
2021-10-04 23:40:05,558 [WARN] DbFile:35 - Overriding database path with different value: /home/rgr/.stmcufinder/plugins/mcufinder/ => /home/rgr/.stmcufinder/plugins/mcufinder
2021-10-04 23:40:05,558 [INFO] DbBoardsJson:57 - Set database path to: /home/rgr/.stmcufinder/plugins/mcufinder//mcu/
2021-10-04 23:40:05,558 [WARN] DbFile:35 - Overriding database path with different value: /home/rgr/.stmcufinder/plugins/mcufinder/ => /home/rgr/.stmcufinder/plugins/mcufinder
2021-10-04 23:40:05,558 [WARN] DbFile:35 - Overriding database path with different value: /home/rgr/.stmcufinder/plugins/mcufinder/ => /home/rgr/.stmcufinder/plugins/mcufinder
2021-10-04 23:40:05,558 [INFO] CrossReferenceDbSqlite:196 - Set database path to: /home/rgr/.stmcufinder/plugins/mcufinder//mcu/cs/
2021-10-04 23:40:05,558 [WARN] DbFile:35 - Overriding database path with different value: /home/rgr/.stmcufinder/plugins/mcufinder/ => /home/rgr/.stmcufinder/plugins/mcufinder
2021-10-04 23:40:05,559 [INFO] DbExamplesSqlite:767 - Set database path to: /home/rgr/.stmcufinder/plugins/mcufinder//mcu/
2021-10-04 23:40:05,574 [INFO] ApplicationProperties:181 - Using Application install path: /opt/st/stm32cubeide_1.7.0/plugins/com.st.stm32cube.common.mx_6.3.0.202107141111
2021-10-04 23:40:05,575 [INFO] PluginManage:188 - Search for loadable plugins [exclusion list=, ]
2021-10-04 23:40:05,577 [INFO] PluginManage:302 - Check plugin analytics
2021-10-04 23:40:05,691 [INFO] AnalyticsPlugin:257 - Accepted Software Licenses: STM32CubeMX.6.3.0
2021-10-04 23:40:05,691 [INFO] AnalyticsPlugin:259 - Accepted CMSIS Pack Licenses: STMicroelectronics.X-CUBE-SFXS2LP1.3.1.0
2021-10-04 23:40:05,692 [INFO] AnalyticsPlugin:261 - Accepted Firmware Licenses: 
2021-10-04 23:40:05,692 [INFO] PluginManage:352 - Loaded plugin analytics (category:tool,tabindex:-1)
2021-10-04 23:40:05,692 [INFO] PluginManage:302 - Check plugin clock
2021-10-04 23:40:05,702 [INFO] PluginManage:352 - Loaded plugin clock (category:base,tabindex:2)
2021-10-04 23:40:05,702 [INFO] PluginManage:302 - Check plugin ddr
2021-10-04 23:40:05,704 [INFO] PluginManage:352 - Loaded plugin ddr (category:tool,tabindex:6)
2021-10-04 23:40:05,704 [INFO] PluginManage:302 - Check plugin filemanager
2021-10-04 23:40:05,808 [INFO] PluginManage:352 - Loaded plugin filemanager (category:base,tabindex:10)
2021-10-04 23:40:05,809 [INFO] PluginManage:302 - Check plugin ipmanager
2021-10-04 23:40:05,815 [INFO] PluginManage:352 - Loaded plugin ipmanager (category:base,tabindex:5)
2021-10-04 23:40:05,815 [INFO] PluginManage:302 - Check plugin pinoutandconfiguration
2021-10-04 23:40:05,824 [INFO] PluginManage:352 - Loaded plugin pinoutandconfiguration (category:base,tabindex:1)
2021-10-04 23:40:05,824 [INFO] PluginManage:302 - Check plugin pinoutconfig
2021-10-04 23:40:05,847 [INFO] PluginManage:352 - Loaded plugin pinoutconfig (category:base,tabindex:0)
2021-10-04 23:40:05,847 [INFO] PluginManage:302 - Check plugin power
2021-10-04 23:40:05,854 [INFO] PluginManage:352 - Loaded plugin power (category:power,tabindex:4)
2021-10-04 23:40:05,854 [INFO] PluginManage:302 - Check plugin projectmanager
2021-10-04 23:40:05,877 [INFO] PluginManage:352 - Loaded plugin projectmanager (category:projectmanager,tabindex:3)
2021-10-04 23:40:05,877 [INFO] PluginManage:302 - Check plugin thirdparty
2021-10-04 23:40:06,014 [WARN] IntegrityCheckThread:78 - waiting for thirdparty lock release [integrity check]
2021-10-04 23:40:06,015 [INFO] PluginManage:352 - Loaded plugin thirdparty (category:base,tabindex:-1)
2021-10-04 23:40:06,016 [INFO] IntegrityCheckThread:80 - entering critical section [integrity check]
2021-10-04 23:40:06,016 [INFO] PluginManage:302 - Check plugin tools
2021-10-04 23:40:06,017 [INFO] ThirdPartyUpdaterWithRetryManager:66 - Updater plugin not ready yet. [1/15]
2021-10-04 23:40:06,019 [INFO] PluginManage:352 - Loaded plugin tools (category:base,tabindex:7)
2021-10-04 23:40:06,019 [INFO] PluginManage:302 - Check plugin tutovideos
2021-10-04 23:40:06,310 [INFO] PluginManage:352 - Loaded plugin tutovideos (category:base,tabindex:-1)
2021-10-04 23:40:06,311 [INFO] PluginManage:302 - Check plugin updater
2021-10-04 23:40:06,327 [INFO] PluginManage:352 - Loaded plugin updater (category:base,tabindex:12)
2021-10-04 23:40:06,328 [INFO] PluginManage:275 - PluginManage : Loaded plugins [13]
2021-10-04 23:40:06,563 [INFO] PinOutPanel:1463 - setPackage(No Configuration,No Configuration)
2021-10-04 23:40:06,627 [INFO] IPUIPlugin:74 - create IPUIPlugin
2021-10-04 23:40:06,628 [INFO] PluginManager:213 - loadIPPluginJar : add tsc
2021-10-04 23:40:06,630 [INFO] IPUIPlugin:74 - create IPUIPlugin
2021-10-04 23:40:06,630 [INFO] PluginManager:213 - loadIPPluginJar : add tim
2021-10-04 23:40:06,637 [INFO] IPUIPlugin:74 - create IPUIPlugin
2021-10-04 23:40:06,637 [INFO] PluginManager:213 - loadIPPluginJar : add spi
2021-10-04 23:40:06,640 [INFO] IPUIPlugin:74 - create IPUIPlugin
2021-10-04 23:40:06,641 [INFO] PluginManager:213 - loadIPPluginJar : add tracer_emb
2021-10-04 23:40:06,644 [INFO] IPUIPlugin:74 - create IPUIPlugin
2021-10-04 23:40:06,644 [INFO] PluginManager:213 - loadIPPluginJar : add gtzc
2021-10-04 23:40:06,648 [INFO] IPUIPlugin:74 - create IPUIPlugin
2021-10-04 23:40:06,648 [INFO] PluginManager:213 - loadIPPluginJar : add can
2021-10-04 23:40:06,651 [INFO] IPUIPlugin:74 - create IPUIPlugin
2021-10-04 23:40:06,652 [INFO] PluginManager:213 - loadIPPluginJar : add dma3
2021-10-04 23:40:06,657 [INFO] IPUIPlugin:74 - create IPUIPlugin
2021-10-04 23:40:06,657 [INFO] PluginManager:213 - loadIPPluginJar : add openamp
2021-10-04 23:40:06,662 [INFO] IPUIPlugin:74 - create IPUIPlugin
2021-10-04 23:40:06,663 [INFO] PluginManager:213 - loadIPPluginJar : add opamp
2021-10-04 23:40:06,665 [INFO] IPUIPlugin:74 - create IPUIPlugin
2021-10-04 23:40:06,665 [INFO] PluginManager:213 - loadIPPluginJar : add genericplugin
2021-10-04 23:40:06,669 [INFO] IPUIPlugin:74 - create IPUIPlugin
2021-10-04 23:40:06,669 [INFO] PluginManager:213 - loadIPPluginJar : add lorawan
2021-10-04 23:40:06,679 [INFO] IPUIPlugin:74 - create IPUIPlugin
2021-10-04 23:40:06,683 [INFO] PluginManager:213 - loadIPPluginJar : add plateformsettings
2021-10-04 23:40:06,688 [INFO] IPUIPlugin:74 - create IPUIPlugin
2021-10-04 23:40:06,688 [INFO] PluginManager:213 - loadIPPluginJar : add touchsensing
2021-10-04 23:40:06,692 [INFO] IPUIPlugin:74 - create IPUIPlugin
2021-10-04 23:40:06,692 [INFO] PluginManager:213 - loadIPPluginJar : add pdm2pcm
2021-10-04 23:40:06,700 [INFO] IPUIPlugin:74 - create IPUIPlugin
2021-10-04 23:40:06,701 [INFO] PluginManager:213 - loadIPPluginJar : add freertos
2021-10-04 23:40:06,703 [INFO] IPUIPlugin:74 - create IPUIPlugin
2021-10-04 23:40:06,704 [INFO] PluginManager:213 - loadIPPluginJar : add comp
2021-10-04 23:40:06,706 [INFO] IPUIPlugin:74 - create IPUIPlugin
2021-10-04 23:40:06,706 [INFO] PluginManager:213 - loadIPPluginJar : add ltdc
2021-10-04 23:40:06,710 [INFO] IPUIPlugin:74 - create IPUIPlugin
2021-10-04 23:40:06,710 [INFO] PluginManager:213 - loadIPPluginJar : add dfsdm
2021-10-04 23:40:06,714 [INFO] IPUIPlugin:74 - create IPUIPlugin
2021-10-04 23:40:06,714 [INFO] PluginManager:213 - loadIPPluginJar : add gfxmmu
2021-10-04 23:40:06,720 [INFO] IPUIPlugin:74 - create IPUIPlugin
2021-10-04 23:40:06,720 [INFO] PluginManager:213 - loadIPPluginJar : add stm32_wpan
2021-10-04 23:40:06,726 [INFO] IPUIPlugin:74 - create IPUIPlugin
2021-10-04 23:40:06,726 [INFO] PluginManager:213 - loadIPPluginJar : add fmc
2021-10-04 23:40:06,734 [INFO] IPUIPlugin:74 - create IPUIPlugin
2021-10-04 23:40:06,735 [INFO] PluginManager:213 - loadIPPluginJar : add gic
2021-10-04 23:40:06,742 [INFO] IPUIPlugin:74 - create IPUIPlugin
2021-10-04 23:40:06,742 [INFO] PluginManager:213 - loadIPPluginJar : add linkedlist
2021-10-04 23:40:06,748 [INFO] IPUIPlugin:74 - create IPUIPlugin
2021-10-04 23:40:06,748 [INFO] PluginManager:213 - loadIPPluginJar : add adc
2021-10-04 23:40:06,750 [INFO] IPUIPlugin:74 - create IPUIPlugin
2021-10-04 23:40:06,750 [INFO] PluginManager:213 - loadIPPluginJar : add quadspi
2021-10-04 23:40:06,753 [INFO] IPUIPlugin:74 - create IPUIPlugin
2021-10-04 23:40:06,753 [INFO] PluginManager:213 - loadIPPluginJar : add resmgrutility
2021-10-04 23:40:06,756 [INFO] IPUIPlugin:74 - create IPUIPlugin
2021-10-04 23:40:06,757 [INFO] PluginManager:213 - loadIPPluginJar : add hash
2021-10-04 23:40:06,758 [INFO] IPUIPlugin:74 - create IPUIPlugin
2021-10-04 23:40:06,758 [INFO] PluginManager:213 - loadIPPluginJar : add fatfs
2021-10-04 23:40:06,761 [INFO] IPUIPlugin:74 - create IPUIPlugin
2021-10-04 23:40:06,762 [INFO] PluginManager:213 - loadIPPluginJar : add sai
2021-10-04 23:40:06,768 [INFO] IPUIPlugin:74 - create IPUIPlugin
2021-10-04 23:40:06,768 [INFO] PluginManager:213 - loadIPPluginJar : add dma
2021-10-04 23:40:06,772 [INFO] IPUIPlugin:74 - create IPUIPlugin
2021-10-04 23:40:06,773 [INFO] PluginManager:213 - loadIPPluginJar : add mdma
2021-10-04 23:40:06,775 [INFO] IPUIPlugin:74 - create IPUIPlugin
2021-10-04 23:40:06,775 [INFO] PluginManager:213 - loadIPPluginJar : add usart
2021-10-04 23:40:06,778 [INFO] IPUIPlugin:74 - create IPUIPlugin
2021-10-04 23:40:06,778 [INFO] PluginManager:213 - loadIPPluginJar : add i2c
2021-10-04 23:40:06,780 [INFO] IPUIPlugin:74 - create IPUIPlugin
2021-10-04 23:40:06,780 [INFO] PluginManager:213 - loadIPPluginJar : add ts
2021-10-04 23:40:06,783 [INFO] IPUIPlugin:74 - create IPUIPlugin
2021-10-04 23:40:06,783 [INFO] PluginManager:213 - loadIPPluginJar : add usbx
2021-10-04 23:40:06,785 [INFO] IPUIPlugin:74 - create IPUIPlugin
2021-10-04 23:40:06,786 [INFO] PluginManager:213 - loadIPPluginJar : add aes
2021-10-04 23:40:06,790 [INFO] IPUIPlugin:74 - create IPUIPlugin
2021-10-04 23:40:06,790 [INFO] PluginManager:213 - loadIPPluginJar : add nvic
2021-10-04 23:40:06,792 [INFO] IPUIPlugin:74 - create IPUIPlugin
2021-10-04 23:40:06,792 [INFO] PluginManager:213 - loadIPPluginJar : add i2s
2021-10-04 23:40:06,796 [INFO] IPUIPlugin:74 - create IPUIPlugin
2021-10-04 23:40:06,796 [INFO] PluginManager:213 - loadIPPluginJar : add ipddr
2021-10-04 23:40:06,801 [INFO] IPUIPlugin:74 - create IPUIPlugin
2021-10-04 23:40:06,801 [INFO] PluginManager:213 - loadIPPluginJar : add gpio
2021-10-04 23:40:06,803 [INFO] IPUIPlugin:74 - create IPUIPlugin
2021-10-04 23:40:06,803 [INFO] PluginManager:213 - loadIPPluginJar : add cryp
2021-10-04 23:40:06,806 [INFO] IPUIPlugin:74 - create IPUIPlugin
2021-10-04 23:40:06,806 [INFO] PluginManager:213 - loadIPPluginJar : add ucpd
2021-10-04 23:40:07,127 [FATAL] Updater:294 - Updater called before beeing initialized
2021-10-04 23:40:07,213 [FATAL] Updater:294 - Updater called before beeing initialized
2021-10-04 23:40:07,217 [INFO] DbMcusAds:47 - JSON generation date=Thu Sep 30 08:55:09 CEST 2021 (1632984909434)
2021-10-04 23:40:07,218 [FATAL] Updater:294 - Updater called before beeing initialized
2021-10-04 23:40:07,248 [WARN] DetailPanel:314 - Failed to get advertising image, set to default
2021-10-04 23:40:07,318 [FATAL] Updater:294 - Updater called before beeing initialized
2021-10-04 23:40:07,319 [FATAL] Updater:294 - Updater called before beeing initialized
2021-10-04 23:40:07,320 [FATAL] Updater:294 - Updater called before beeing initialized
2021-10-04 23:40:07,320 [WARN] DetailPanel:314 - Failed to get advertising image, set to default
2021-10-04 23:40:07,323 [FATAL] Updater:294 - Updater called before beeing initialized
2021-10-04 23:40:07,370 [ERROR] Updater:1075 - MainUpdater not yet initialized. External WinMGr cannot be set.
2021-10-04 23:40:07,374 [INFO] Updater:1012 - Updater Version found : 6.3.0
2021-10-04 23:40:07,390 [INFO] ApplicationProperties:181 - Using Application install path: /opt/st/stm32cubeide_1.7.0/plugins/com.st.stm32cube.common.mx_6.3.0.202107141111
2021-10-04 23:40:07,641 [INFO] MainUpdater:2671 - connection check result : 10
2021-10-04 23:40:07,642 [INFO] MainUpdater:265 - Updater Check For Update Now.
2021-10-04 23:40:07,642 [INFO] MicroXplorer:478 - Change Database Version : DB.6.0.30
2021-10-04 23:40:07,809 [INFO] CheckServerUpdateThread:112 - End of CheckServer Thread
2021-10-04 23:40:07,851 [INFO] MainUpdater:2671 - connection check result : 10
2021-10-04 23:40:07,993 [INFO] McuFinderGlobals:52 - Set McuFinderConnectedMode to false
2021-10-04 23:40:08,083 [INFO] CrossSelectorPresenter:1330 - Cross Selector saved comparison directory: /home/rgr/.stmcufinder/plugins/mcufinder/mcu/cs_comparisons_mx
2021-10-04 23:40:08,134 [INFO] MultiScanPanel:197 - Auto-refresh data requested => check proxy status ongoing
2021-10-04 23:40:08,134 [INFO] MultiScanPanel:201 - Proxy status is invalid
2021-10-04 23:40:08,139 [INFO] FinderPluginLoader:87 - Searching for filters in installed packs
2021-10-04 23:40:08,140 [INFO] DbMcusXml:100 - Load MCU database from /opt/st/stm32cubeide_1.7.0/plugins/com.st.stm32cube.common.mx_6.3.0.202107141111//db//mcu/families.xml
2021-10-04 23:40:08,964 [INFO] DbMcusJson:93 - JSON generation date=Mon Jun 07 10:53:21 CEST 2021 (1623056001)
2021-10-04 23:40:09,204 [WARN] PackLoader:238 - Cannot read IP mode file for RoweBots.I-CUBE-UNISONRTOS.5.5.0-4
2021-10-04 23:40:09,278 [WARN] PackLoader:238 - Cannot read IP mode file for STMicroelectronics.X-CUBE-MEMS1.9.0.0
2021-10-04 23:40:09,663 [WARN] PackLoader:238 - Cannot read IP mode file for SEGGER.I-CUBE-embOS.1.2.0
2021-10-04 23:40:09,739 [WARN] PackLoader:238 - Cannot read IP mode file for STMicroelectronics.X-CUBE-BLE1.6.2.1
2021-10-04 23:40:09,744 [WARN] PackLoader:238 - Cannot read IP mode file for STMicroelectronics.X-CUBE-BLE2.3.2.1
2021-10-04 23:40:09,751 [WARN] PackLoader:238 - Cannot read IP mode file for STMicroelectronics.X-CUBE-NFC4.2.0.3
2021-10-04 23:40:09,757 [WARN] PackLoader:238 - Cannot read IP mode file for wolfSSL.I-CUBE-wolfSSL.4.8.0
2021-10-04 23:40:09,761 [WARN] PackLoader:238 - Cannot read IP mode file for STMicroelectronics.X-CUBE-TOUCHGFX.4.17.0
2021-10-04 23:40:09,767 [WARN] PackLoader:238 - Cannot read IP mode file for STMicroelectronics.X-CUBE-SFXS2LP1.3.1.0
2021-10-04 23:40:09,798 [WARN] PackLoader:238 - Cannot read IP mode file for STMicroelectronics.X-CUBE-AZRTOS-F4.1.0.0
2021-10-04 23:40:09,861 [WARN] PackLoader:238 - Cannot read IP mode file for STMicroelectronics.X-CUBE-AZRTOS-H7.2.0.0
2021-10-04 23:40:09,885 [WARN] PackLoader:238 - Cannot read IP mode file for STMicroelectronics.X-CUBE-AZRTOS-L4.1.0.0
2021-10-04 23:40:09,896 [WARN] PackLoader:238 - Cannot read IP mode file for STMicroelectronics.X-CUBE-TOF1.2.0.0
2021-10-04 23:40:09,907 [WARN] PackLoader:238 - Cannot read IP mode file for STMicroelectronics.X-CUBE-SUBG2.4.2.0
2021-10-04 23:40:09,920 [WARN] PackLoader:238 - Cannot read IP mode file for STMicroelectronics.X-CUBE-ALS.1.0.1
2021-10-04 23:40:09,925 [WARN] PackLoader:238 - Cannot read IP mode file for STMicroelectronics.X-CUBE-AI.7.0.0
2021-10-04 23:40:09,931 [WARN] PackLoader:238 - Cannot read IP mode file for STMicroelectronics.X-CUBE-ALGOBUILD.1.2.1
2021-10-04 23:40:09,932 [INFO] DbMcus:175 - Found 1951 MCUs (1903 are supported by CubeMX, 1903 are visible in CubeMX)
2021-10-04 23:40:09,933 [INFO] ApiDb:251 - Load user favorites file /home/rgr/.stm32cubeide/favorites.mcus.txt: 0 item(s)
2021-10-04 23:40:09,933 [INFO] ApiDb:255 - User favorites MCUs=[]
2021-10-04 23:40:09,933 [INFO] DbMcus:187 - Set 0 / 0 favorites MCUs
2021-10-04 23:40:09,937 [WARN] PackLoader:238 - Cannot read IP mode file for STMicroelectronics.X-CUBE-DISPLAY.1.0.0
2021-10-04 23:40:09,941 [WARN] PackLoader:238 - Cannot read IP mode file for STMicroelectronics.X-CUBE-EEPRMA1.3.1.0
2021-10-04 23:40:09,947 [WARN] PackLoader:238 - Cannot read IP mode file for STMicroelectronics.X-CUBE-GNSS1.5.2.0
2021-10-04 23:40:09,949 [INFO] ThirdParty:915 - Integrity check success = true
2021-10-04 23:40:09,949 [INFO] IntegrityCheckThread:94 - exiting critical section [integrity check]
2021-10-04 23:40:09,949 [INFO] IntegrityCheckThread:97 - End integrity checks thread
2021-10-04 23:40:10,394 [WARN] DetailPanel:314 - Failed to get advertising image, set to default
2021-10-04 23:40:10,779 [INFO] DbBoardsPdsc:90 - Found 25 items
2021-10-04 23:40:10,781 [INFO] DbBoardsPdsc:90 - Found 5 items
2021-10-04 23:40:10,783 [INFO] DbBoardsPdsc:90 - Found 9 items
2021-10-04 23:40:10,787 [INFO] DbBoardsPdsc:90 - Found 33 items
2021-10-04 23:40:10,789 [INFO] DbBoardsPdsc:90 - Found 2 items
2021-10-04 23:40:10,790 [INFO] DbBoardsPdsc:90 - Found 1 items
2021-10-04 23:40:10,807 [INFO] DbBoardsPdsc:90 - Found 48 items
2021-10-04 23:40:10,814 [INFO] DbBoardsPdsc:90 - Found 43 items
2021-10-04 23:40:10,820 [WARN] DbBoardsPdsc:254 - Board STM32H7B3I-DK: unknown feature type=Audio, name=, username=Audio stereo codec with Headphone Amp (CS42L51-CNZ), n=1
2021-10-04 23:40:10,821 [WARN] DbBoardsPdsc:254 - Board STM32H735G-DK: unknown feature type=Audio, name=, username=Audio stereo codec with Headphone Amp (WM8994ECS/R), n=1
2021-10-04 23:40:10,824 [WARN] DbBoardsPdsc:254 - Board STM32H7B3I-EVAL: unknown feature type=Audio, name=, username=Multi-Channel Audio Codec (CS42L51-CNZ), n=1
2021-10-04 23:40:10,824 [WARN] DbBoardsPdsc:254 - Board STM32H7B3I-EVAL: unknown feature type=Meter, name=, username=Power-metering and Temperature-monitoring with sigma-delta modulators, n=1
2021-10-04 23:40:10,824 [WARN] DbBoardsPdsc:254 - Board STM32H7B3I-EVAL: unknown feature type=Motor, name=, username=Motor Control, n=1
2021-10-04 23:40:10,825 [WARN] DbBoardsPdsc:254 - Board STM32U575I-EV: unknown feature type=joystick, name=, username=4-direction joystick with selection button, n=1
2021-10-04 23:40:10,846 [INFO] DbBoardsJson:86 - JSON generation date=Tue Jun 01 07:52:40 CEST 2021 (1622526760)
2021-10-04 23:40:10,856 [INFO] DbBoards:117 - Found 166 boards (163 are supported by CubeMX)
2021-10-04 23:40:10,863 [INFO] DbBoardsDocs:143 - JSON generation date=Tue Jun 01 07:52:40 CEST 2021 (1622526760)
2021-10-04 23:40:10,875 [INFO] DbBoardsDocs:79 - Found 193 boards documents
2021-10-04 23:40:10,876 [WARN] DbBoards:127 - board B-L462E-CELL1 has no document id list !
2021-10-04 23:40:10,876 [WARN] DbBoards:127 - board B-L475E-IOT01A2 has no document id list !
2021-10-04 23:40:10,876 [WARN] DbBoards:127 - board B-U585I-IOT02A has no document id list !
2021-10-04 23:40:10,877 [WARN] DbBoards:127 - board NUCLEO-G0B1RE has no document id list !
2021-10-04 23:40:10,878 [WARN] DbBoards:127 - board NUCLEO-H743ZI has no document id list !
2021-10-04 23:40:10,879 [WARN] DbBoards:127 - board NUCLEO-L4A6ZG has no document id list !
2021-10-04 23:40:10,880 [WARN] DbBoards:127 - board NUCLEO-U575ZI-Q has no document id list !
2021-10-04 23:40:10,880 [WARN] DbBoards:127 - board NUCLEO-WB15CC has no document id list !
2021-10-04 23:40:10,880 [WARN] DbBoards:127 - board NUCLEO-WB55RG has no document id list !
2021-10-04 23:40:10,880 [WARN] DbBoards:127 - board NUCLEO-WL55JC2 has no document id list !
2021-10-04 23:40:10,881 [WARN] DbBoards:127 - board P-NUCLEO-WB55-Nucleo has no document id list !
2021-10-04 23:40:10,881 [WARN] DbBoards:127 - board P-NUCLEO-WB55-USBDongle has no document id list !
2021-10-04 23:40:10,881 [WARN] DbBoards:127 - board STEVAL-BFA001V1B has no document id list !
2021-10-04 23:40:10,881 [WARN] DbBoards:127 - board STEVAL-BFA001V2B has no document id list !
2021-10-04 23:40:10,881 [WARN] DbBoards:127 - board STEVAL-IDP005V1 has no document id list !
2021-10-04 23:40:10,881 [WARN] DbBoards:127 - board STEVAL-IDP005V2 has no document id list !
2021-10-04 23:40:10,881 [WARN] DbBoards:127 - board STEVAL-MKSBOX1V1 has no document id list !
2021-10-04 23:40:10,881 [WARN] DbBoards:127 - board STEVAL-STWINKT1 has no document id list !
2021-10-04 23:40:10,881 [WARN] DbBoards:127 - board STEVAL-STWINKT1B has no document id list !
2021-10-04 23:40:10,882 [WARN] DbBoards:127 - board STM32F401C-DISCO has no document id list !
2021-10-04 23:40:10,882 [WARN] DbBoards:127 - board STM32F769I-DISC1 has no document id list !
2021-10-04 23:40:10,883 [WARN] DbBoards:127 - board STM32G0C1E-EV has no document id list !
2021-10-04 23:40:10,883 [WARN] DbBoards:127 - board STM32G474E-EVAL1 has no document id list !
2021-10-04 23:40:10,883 [WARN] DbBoards:127 - board STM32H743I-EVAL2 has no document id list !
2021-10-04 23:40:10,883 [WARN] DbBoards:127 - board STM32H747I-DISC1 has no document id list !
2021-10-04 23:40:10,884 [WARN] DbBoards:127 - board STM32H753I-EVAL2 has no document id list !
2021-10-04 23:40:10,885 [WARN] DbBoards:127 - board STM32L-DISCOVERY has no document id list !
2021-10-04 23:40:10,886 [WARN] DbBoards:127 - board STM32MP157A-DK1 has no document id list !
2021-10-04 23:40:10,886 [WARN] DbBoards:127 - board STM32MP157D-DK1 has no document id list !
2021-10-04 23:40:10,886 [WARN] DbBoards:127 - board STM32MP157D-EV1 has no document id list !
2021-10-04 23:40:10,886 [WARN] DbBoards:127 - board STM32MP157F-DK2 has no document id list !
2021-10-04 23:40:10,886 [WARN] DbBoards:127 - board STM32MP157F-EV1 has no document id list !
2021-10-04 23:40:10,886 [WARN] DbBoards:127 - board STM32U575I-EV has no document id list !
2021-10-04 23:40:10,886 [WARN] DbBoards:127 - board STM32WB5MM-DK has no document id list !
2021-10-04 23:40:11,978 [ERROR] DbBoards:189 - Image file not found for board STM32U575I-EV: /opt/st/stm32cubeide_1.7.0/plugins/com.st.stm32cube.common.mx_6.3.0.202107141111//db//plugins/mcufinder/images/boards/stm32u575i-ev_small.jpg
2021-10-04 23:40:12,106 [INFO] ApiDb:251 - Load user favorites file /home/rgr/.stm32cubeide/favorites.boards.txt: 0 item(s)
2021-10-04 23:40:12,106 [INFO] ApiDb:255 - User favorites Boards=[]
2021-10-04 23:40:12,107 [INFO] DbBoards:206 - Set 0 / 0 favorites Boards
2021-10-04 23:40:15,514 [INFO] MultiScanPanel:197 - Auto-refresh data requested => check proxy status ongoing
2021-10-04 23:40:15,515 [INFO] MultiScanPanel:201 - Proxy status is invalid
2021-10-04 23:40:15,589 [WARN] DetailPanel:314 - Failed to get advertising image, set to default
2021-10-04 23:41:00,990 [INFO] McuFinderGlobals:52 - Set McuFinderConnectedMode to true
2021-10-04 23:41:00,992 [INFO] ApiDb:276 - Save user favorites file /home/rgr/.stm32cubeide/favorites.mcus.txt: 0 item(s)
2021-10-04 23:41:00,993 [INFO] ApiDb:280 - User favorites MCUs=[]
2021-10-04 23:41:00,994 [INFO] ApiDb:276 - Save user favorites file /home/rgr/.stm32cubeide/favorites.boards.txt: 0 item(s)
2021-10-04 23:41:00,995 [INFO] ApiDb:280 - User favorites Boards=[]
2021-10-10 21:49:46,706 [INFO] Activator:177 - 


2021-10-10 21:49:46,709 [INFO] Activator:178 - !SESSION log4j initialized
